<?xml version="1.0" encoding="UTF-8"?>
<!-- Generated by org.testng.reporters.JUnitReportReporter -->
<testsuite skipped="0" hostname="PC-20170314MKUE" name="com.qa.tests.DemoTest" tests="1" failures="0" timestamp="24 十二月 2018 09:26:43 GMT" time="40.764" errors="0">
  <testcase name="testA" time="40.764" classname="com.qa.tests.DemoTest"/>
</testsuite> <!-- com.qa.tests.DemoTest -->
