<?xml version="1.0" encoding="UTF-8"?>
<!-- Generated by org.testng.reporters.JUnitReportReporter -->
<testsuite skipped="0" hostname="PC-20170314MKUE" name="com.qa.tests.loginTest" tests="1" failures="0" timestamp="24 十二月 2018 09:22:52 GMT" time="37.330" errors="0">
  <testcase name="testA" time="37.330" classname="com.qa.tests.loginTest"/>
</testsuite> <!-- com.qa.tests.loginTest -->
