<?xml version="1.0" encoding="UTF-8"?>
<!-- Generated by org.testng.reporters.JUnitReportReporter -->
<testsuite skipped="0" hostname="PC-20170314MKUE" name="com.qa.tests.GetApiTest" tests="1" failures="0" timestamp="14 九月 2018 09:09:54 GMT" time="34.250" errors="0">
  <testcase name="getAPITest" time="34.250" classname="com.qa.tests.GetApiTest"/>
</testsuite> <!-- com.qa.tests.GetApiTest -->
