<?xml version="1.0" encoding="UTF-8"?>
<!-- Generated by org.testng.reporters.JUnitReportReporter -->
<testsuite skipped="0" hostname="PC-20170314MKUE" name="com.qa.tests.gettest" tests="1" failures="0" timestamp="18 十二月 2018 07:20:31 GMT" time="32.421" errors="0">
  <testcase name="getAPITest" time="32.421" classname="com.qa.tests.gettest"/>
</testsuite> <!-- com.qa.tests.gettest -->
