<?xml version="1.0" encoding="UTF-8"?>
<!-- Generated by org.testng.reporters.JUnitReportReporter -->
<testsuite skipped="0" hostname="PC-20170314MKUE" name="com.qa.tests.LoginApi" tests="1" failures="0" timestamp="14 九月 2018 09:03:57 GMT" time="34.785" errors="1">
  <testcase name="postLogin" time="34.785" classname="com.qa.tests.LoginApi">
    <error type="com.alibaba.fastjson.JSONException" message="syntax error, pos 1, json : &lt;!DOCTYPE&gt;
&lt;html lang=&quot;en&quot;&gt;
&lt;head&gt;
	&lt;meta http-equiv=&quot;content-type&quot; content=&quot;text/html; charset=UTF-8&quot;&gt;
	&lt;meta name=&quot;viewport&quot; content=&quot;width=device-width, initial-scale=1.0&quot;&gt;
    &lt;title&gt;Corswork | 信息管理平台&lt;/title&gt;
    &lt;meta name=&quot;keywords&quot; content=&quot;corswork&quot; /&gt;
    &lt;meta name=&quot;description&quot; content=&quot;corswork info&quot;/&gt;
    &lt;meta name=&quot;author&quot; content=&quot;corswork&quot;/&gt;
    &lt;meta name=&quot;viewport&quot; content=&quot;width=device-width, initial-scale=1, maximum-scale=1, user-scalable=no&quot;/&gt;
    &lt;!--=== CSS ===--&gt;
    &lt;link rel=&quot;shortcut icon&quot; type=&quot;image/x-icon&quot; href=&quot;img/logo.png&quot; /&gt;
    &lt;!-- Bootstrap --&gt;
	&lt;link href=&quot;plugins/bootstrap/css/bootstrap.min.css&quot; rel=&quot;stylesheet&quot;/&gt;
	&lt;link href=&quot;plugins/bootstrap/css/bootstrap-theme.min.css&quot; rel=&quot;stylesheet&quot;/&gt;
	&lt;link href=&quot;plugins/bootstrap-select/bootstrap-select.min.css&quot; rel=&quot;stylesheet&quot;/&gt;
	&lt;link href=&quot;plugins/bootstrap-datetimepicker/bootstrap-datetimepicker.min.css&quot; rel=&quot;StyleSheet&quot; type=&quot;text/css&quot; /&gt;
    &lt;!--主题--&gt;
	&lt;link rel=&#039;stylesheet&#039; href=&#039;plugins/font-awesome/css/font-awesome.min.css&#039;/&gt;
    &lt;link rel=&quot;stylesheet&quot; href=&quot;plugins/theme/css/custom.css&quot;/&gt;
	&lt;link rel=&quot;stylesheet&quot; href=&quot;plugins/theme/css/navigation.css&quot;/&gt;
	&lt;link rel=&quot;stylesheet&quot; href=&quot;plugins/flavr/flavr.css&quot;/&gt;
&lt;/head&gt;
&lt;body&gt;
	&lt;div id=&quot;content&quot;&gt;
 		&lt;div class=&quot;left_col&quot;&gt;
 			&lt;!-- 首页 --&gt;
	    	&lt;div class=&quot;left_top&quot;&gt;
	        	&lt;a href=&quot;#&quot; class=&quot;site_title openView&quot; url_id=&quot;-1&quot;&gt;&lt;i class=&quot;fa fa-home&quot;&gt;&lt;/i&gt;&lt;/a&gt;
	        &lt;/div&gt;
    		&lt;!-- 导航 --&gt;
			&lt;div class=&quot;left_bottom&quot;&gt;
				&lt;nav&gt;
					&lt;ul class=&quot;mcd-menu&quot;&gt;
					&lt;/ul&gt;
				&lt;/nav&gt;
			&lt;/div&gt;
 		&lt;/div&gt;
 		&lt;div class=&quot;right_col&quot;&gt;
    		&lt;div class=&quot;right_top&quot;&gt;
    			    &lt;!-- 内容页面提示  --&gt;
	            	&lt;div class=&quot;left_info&quot;&gt;
						&lt;a  href=&quot;#&quot; id=&quot;pageTheme&quot; class=&quot;openView refresh&quot;&gt;&lt;/a&gt;
					&lt;/div&gt;
					&lt;!-- logo --&gt;
	                &lt;div class=&quot;center_logo&quot;&gt;
	                    &lt;img src=&quot;img/logo.png&quot; alt=&quot;logo&quot; /&gt;&lt;span&gt;信息管理平台&lt;/span&gt;
	                &lt;/div&gt;
	                &lt;!-- 顶部功能  --&gt;
	                &lt;div class=&quot;right_fun&quot;&gt;
	                	&lt;!-- 功能点 --&gt;
		                &lt;ul class=&quot;fun_print&quot;&gt;
		                    &lt;!--   打开页面的历史纪录 --&gt;
		                    &lt;li&gt;
		                    	&lt;div class=&quot;history_records&quot;&gt;
		                        	&lt;i class=&quot;fa fa-history&quot; aria-hidden=&quot;true&quot;&gt;&lt;/i&gt;
		                        	&lt;div class=&quot;his_records dropdown_box&quot;&gt;
		                        		&lt;ul&gt;
						                &lt;/ul&gt;
						            &lt;/div&gt;
					            &lt;/div&gt;
		                	&lt;/li&gt;
		                	&lt;!-- 人员 --&gt;
		                    &lt;li&gt;
		                    	&lt;div class=&quot;user_profile&quot;&gt;
					            	&lt;img src=&quot;img/av1.png&quot; alt=&quot;user&quot; id=&quot;user_photo_like&quot;/&gt;
					            	&lt;span id=&quot;user_profile_name&quot;&gt;登录名&lt;/span&gt;
					            	&lt;i class=&quot;fa fa-angle-down&quot;&gt;&lt;/i&gt;
						            &lt;div class=&quot;user-info dropdown_box&quot;&gt;
						                &lt;ul&gt;
						                    &lt;li id=&quot;mail_list&quot;&gt;&lt;a href=&quot;#&quot;&gt;通讯录&lt;/a&gt;&lt;/li&gt;
						                    &lt;li id=&quot;salary_query&quot;&gt;&lt;a href=&quot;#&quot;&gt;薪资查询&lt;/a&gt;&lt;/li&gt;
						                    &lt;li id=&quot;update_pwd&quot;&gt;&lt;a href=&quot;#&quot;&gt;修改密码&lt;/a&gt;&lt;/li&gt;
						                    &lt;li id=&quot;toggle_role&quot;&gt;&lt;a href=&quot;#&quot;&gt;切换角色&lt;/a&gt;&lt;/li&gt;
						                &lt;/ul&gt;
						            &lt;/div&gt;
					            &lt;/div&gt;
		                    &lt;/li&gt;
		                    &lt;!-- 退出  --&gt;
		                    &lt;li&gt;
		                    	&lt;div id=&quot;logout&quot;&gt;
		                        	&lt;i class=&quot;fa fa-power-off&quot;&gt;&lt;/i&gt;
					            &lt;/div&gt;
		                	&lt;/li&gt;
		             	&lt;/ul&gt;
	                &lt;/div&gt;
    		&lt;/div&gt;
    		&lt;div class=&quot;right_bottom&quot;&gt;
    			&lt;!-- iframe界面 --&gt;
    		&lt;/div&gt;
    	&lt;/div&gt;
  	&lt;/div&gt;
	
	&lt;!-- 切换角色  --&gt;
	&lt;div class=&quot;modal fade&quot; id=&quot;toggleRoleModal&quot; data-close-after-confirm=&quot;true&quot;&gt;
		&lt;div class=&quot;modal-dialog&quot;&gt;
			&lt;div class=&quot;modal-content&quot; &gt;
			    &lt;div class=&quot;modal-header&quot;&gt;
	                &lt;button type=&quot;button&quot; class=&quot;modal_close&quot; data-dismiss=&quot;modal&quot; aria-hidden=&quot;true&quot;&gt;×&lt;/button&gt;
	            &lt;/div&gt;
	            &lt;div class=&quot;modal-footer&quot;&gt;
	            &lt;/div&gt;
			&lt;/div&gt;
		&lt;/div&gt;
	&lt;/div&gt;
	
	
	&lt;!-- 通讯录  --&gt;
	&lt;div class=&quot;modal fade&quot; id=&quot;maillistModal&quot; data-close-after-confirm=&quot;true&quot;&gt;
		&lt;div class=&quot;modal-dialog&quot;&gt;
			&lt;div class=&quot;modal-content&quot; style=&quot;width:600px;&quot;&gt;
			    &lt;div class=&quot;modal-header&quot;&gt;
	                &lt;button type=&quot;button&quot; class=&quot;modal_close&quot; data-dismiss=&quot;modal&quot; aria-hidden=&quot;true&quot;&gt;×&lt;/button&gt;
	                &lt;h4 class=&quot;modal-title&quot;&gt;通讯录&lt;/h4&gt;
	            &lt;/div&gt;
	            &lt;div class=&quot;modal-body&quot;&gt;
		        	&lt;div class=&quot;row&quot;&gt;
		        		&lt;div class=&quot;col-sm-5 col-sm-offset-1&quot;&gt;
							&lt;select class=&quot;selectpicker show-tick&quot; data-width=&quot;100%&quot; id=&quot;mailDept&quot; data-live-search=&quot;true&quot;&gt;
							&lt;/select&gt;
						&lt;/div&gt;
						&lt;div class=&quot;col-sm-5&quot;&gt;
							&lt;div class=&quot;mail_username_search&quot; id=&quot;ll&quot;&gt;
								&lt;i class=&quot;fa fa-search&quot; aria-hidden=&quot;true&quot;&gt;&lt;/i&gt;
							&lt;/div&gt;
							&lt;div class=&quot;input-group mailSearch_group&quot; &gt;
							  &lt;input type=&quot;text&quot; class=&quot;form-control&quot; placeholder=&quot;请输入用户名字&quot; &gt;
							  &lt;span class=&quot;input-group-addon&quot; &gt;&lt;i class=&quot;fa fa-search&quot; aria-hidden=&quot;true&quot;&gt;&lt;/i&gt;&lt;/span&gt;
							&lt;/div&gt;
						&lt;/div&gt;
		        	&lt;/div&gt;
		        	&lt;div class=&quot;mail_con&quot; style=&quot;&quot;&gt;
						&lt;div class =&quot;mail_records&quot; style=&quot;&quot;&gt;
							
						&lt;/div&gt;
						&lt;div class=&quot;mail_scollerCN&quot;  style=&quot;&quot;&gt;
							&lt;div class=&quot;mail_s&quot; style=&quot;&quot;&gt;&lt;/div&gt;
						&lt;/div&gt;
					&lt;/div&gt;
	            &lt;/div&gt;
			&lt;/div&gt;
		&lt;/div&gt;
	&lt;/div&gt;
	
	&lt;!-- 修改密码  --&gt;
	&lt;div class=&quot;modal fade&quot; id=&quot;updatePWDModal&quot; data-close-after-confirm=&quot;true&quot;&gt;
		&lt;div class=&quot;modal-dialog&quot;&gt;
			&lt;div class=&quot;modal-content&quot; &gt;
			    &lt;div class=&quot;modal-header&quot;&gt;
	                &lt;button type=&quot;button&quot; class=&quot;modal_close&quot; data-dismiss=&quot;modal&quot; aria-hidden=&quot;true&quot;&gt;×&lt;/button&gt;
	                &lt;h4 class=&quot;modal-title&quot;&gt;修改密码&lt;/h4&gt;
	            &lt;/div&gt;
	            &lt;div class=&quot;modal-body&quot;&gt;
	                &lt;form class=&quot;form-horizontal&quot; role=&quot;form&quot;&gt;
	                    &lt;div class=&quot;form-group&quot;&gt;
	                        &lt;label class=&quot;col-sm-4 control-label&quot;&gt;登录名&lt;/label&gt;
	                        &lt;div class=&quot;col-sm-5&quot;&gt;
	                            &lt;input type=&quot;text&quot; id=&quot;UP_user_name&quot; required=&quot;required&quot;  readonly=&quot;readonly&quot;/&gt;
	                        &lt;/div&gt;
	                    &lt;/div&gt;
	                    &lt;div class=&quot;form-group&quot;&gt;
	                        &lt;label class=&quot;col-sm-4 control-label&quot;&gt;旧密码&lt;/label&gt;
	                        &lt;div class=&quot;col-sm-5&quot;&gt;
	                            &lt;input type=&quot;password&quot; id=&quot;UP_old_pwd&quot; required=&quot;required&quot;/&gt;
	                        &lt;/div&gt;
	                    &lt;/div&gt;
	                    &lt;div class=&quot;form-group&quot;&gt;
	                        &lt;label class=&quot;col-sm-4 control-label&quot;&gt;新密码&lt;/label&gt;
	                        &lt;div class=&quot;col-sm-5&quot;&gt;
	                            &lt;input type=&quot;password&quot; id=&quot;UP_new_pwd&quot; required=&quot;required&quot;/&gt;
	                        &lt;/div&gt;
	                    &lt;/div&gt;
	                    &lt;div class=&quot;form-group&quot;&gt;
	                        &lt;label class=&quot;col-sm-4 control-label&quot;&gt;再次输入新密码&lt;/label&gt;
	                        &lt;div class=&quot;col-sm-5&quot;&gt;
	                            &lt;input type=&quot;password&quot; id=&quot;UP_again_pwd&quot; required=&quot;required&quot;/&gt;
	                        &lt;/div&gt;
	                    &lt;/div&gt;
	                    &lt;div class=&quot;form-group&quot;&gt;
	                        &lt;label class=&quot;col-sm-4 control-label&quot;&gt;安全度&lt;/label&gt;
	                        &lt;div class=&quot;col-sm-5&quot;&gt;
								&lt;div class=&quot;progress&quot;&gt;
									&lt;div class=&quot;progress-bar&quot; role=&quot;progressbar&quot; aria-valuenow=&quot;60&quot; aria-valuemin=&quot;0&quot; aria-valuemax=&quot;100&quot; style=&quot;width: 90%;&quot;&gt;
									&lt;/div&gt;
								&lt;/div&gt;
	                        &lt;/div&gt;
	                    &lt;/div&gt;
	                &lt;/form&gt;
	            &lt;/div&gt;
	            &lt;div class=&quot;modal-footer&quot;&gt;
	                &lt;button type=&quot;button&quot; class=&quot;btn btn_cancel&quot; data-dismiss=&quot;modal&quot;&gt;取消&lt;/button&gt;
	                &lt;button type=&quot;button&quot; class=&quot;btn btn_submit&quot; data-form=&quot;submit&quot; id=&quot;updatePWDBtn&quot;&gt;保存&lt;/button&gt;
	            &lt;/div&gt;
			&lt;/div&gt;
		&lt;/div&gt;
	&lt;/div&gt;
	
	&lt;!-- 薪资查询  --&gt;
	&lt;div class=&quot;modal fade&quot; id=&quot;salaryModal&quot; data-close-after-confirm=&quot;true&quot;&gt;
		&lt;div class=&quot;modal-dialog&quot;&gt;
			&lt;div class=&quot;modal-content&quot; &gt;
				&lt;div class=&quot;modal-body mar-all&quot;&gt;
	                &lt;button type=&quot;button&quot; class=&quot;modal_close&quot; data-dismiss=&quot;modal&quot; aria-hidden=&quot;true&quot;&gt;&amp;times;&lt;/button&gt;
					&lt;ul id=&quot;myTab&quot; class=&quot;nav nav-pills nav-justified&quot;&gt;
						&lt;li class=&quot;active&quot;&gt;
							&lt;a href=&quot;#monthTab&quot; data-toggle=&quot;tab&quot;&gt;月度工资&lt;/a&gt;
						&lt;/li&gt;
						&lt;li&gt;
							&lt;a href=&quot;#yearTab&quot; data-toggle=&quot;tab&quot;&gt;年终奖金&lt;/a&gt;
						&lt;/li&gt;
					&lt;/ul&gt; 
					&lt;div class=&quot;tab-content&quot;&gt;
						&lt;!-- 月度工资 --&gt;
						&lt;div class=&quot;tab-pane fade in active&quot; id=&quot;monthTab&quot;&gt;
							&lt;form class=&quot;form-horizontal&quot; role=&quot;form&quot;&gt;
								&lt;div class=&quot;form-group&quot;&gt;
									&lt;div class=&quot;col-sm-6 col-sm-offset-3&quot;&gt;
										&lt;div class=&quot;input-group date form_date &quot; data-date-format=&quot;yyyy-mm&quot; &gt;
											&lt;input class=&quot;form-control input-sm&quot; size=&quot;13&quot; id=&quot;salary_month&quot;  type=&quot;text&quot; placeholder=&quot;选择日期&quot; value=&quot;&quot; readonly=&quot;readonly&quot;&gt; 
										 	&lt;span class=&quot;input-group-addon&quot;&gt;
											 	&lt;span class=&quot;fa  fa-calendar&quot;&gt;&lt;/span&gt;
											&lt;/span&gt;
										&lt;/div&gt;
									&lt;/div&gt;
								&lt;/div&gt;
								&lt;div class=&quot;form-group&quot;&gt;
									&lt;label class=&quot;col-sm-6 control-label&quot;&gt;部门：&lt;/label&gt;
									&lt;label class=&quot;control-label&quot;&gt;综合管理部门&lt;/label&gt;
								&lt;/div&gt;
								&lt;div class=&quot;form-group&quot;&gt;
									&lt;label class=&quot;col-sm-6 control-label&quot;&gt;月基本收入：&lt;/label&gt;
									&lt;label class=&quot;control-label&quot;&gt;22222&lt;/label&gt;
								&lt;/div&gt;
								&lt;div class=&quot;form-group&quot;&gt;
									&lt;label class=&quot;col-sm-6 control-label&quot;&gt;工作餐补贴：&lt;/label&gt;
									&lt;label class=&quot;control-label&quot;&gt;22222&lt;/label&gt;
								&lt;/div&gt;
								&lt;div class=&quot;form-group&quot;&gt;
									&lt;label class=&quot;col-sm-6 control-label&quot;&gt;电脑补贴：&lt;/label&gt;
									&lt;label class=&quot;control-label&quot;&gt;22222&lt;/label&gt;
								&lt;/div&gt;
								&lt;div class=&quot;form-group&quot;&gt;
									&lt;label class=&quot;col-sm-6 control-label&quot;&gt;通讯补贴：&lt;/label&gt;
									&lt;label class=&quot;control-label&quot;&gt;22222&lt;/label&gt;
								&lt;/div&gt;
								&lt;div class=&quot;form-group&quot;&gt;
									&lt;label class=&quot;col-sm-6 control-label&quot;&gt;奖金：&lt;/label&gt;
									&lt;label class=&quot;control-label&quot;&gt;22222&lt;/label&gt;
								&lt;/div&gt;
								&lt;div class=&quot;form-group&quot;&gt;
									&lt;label class=&quot;col-sm-6 control-label&quot;&gt;补发：&lt;/label&gt;
									&lt;label class=&quot;control-label&quot;&gt;22222&lt;/label&gt;
								&lt;/div&gt;
								&lt;div class=&quot;form-group&quot;&gt;
									&lt;label class=&quot;col-sm-6 control-label&quot;&gt;补扣：&lt;/label&gt;
									&lt;label class=&quot;control-label&quot;&gt;22222&lt;/label&gt;
								&lt;/div&gt;
								&lt;div class=&quot;form-group&quot;&gt;
									&lt;label class=&quot;col-sm-6 control-label&quot;&gt;缺勤扣款：&lt;/label&gt;
									&lt;label class=&quot;control-label&quot;&gt;22222&lt;/label&gt;
								&lt;/div&gt;
								&lt;div class=&quot;form-group&quot;&gt;
									&lt;label class=&quot;col-sm-6 control-label&quot;&gt;个人缴纳社保公积金：&lt;/label&gt;
									&lt;label class=&quot;control-label&quot;&gt;22222&lt;/label&gt;
								&lt;/div&gt;
								&lt;div class=&quot;form-group&quot;&gt;
									&lt;label class=&quot;col-sm-6 control-label&quot;&gt;个人补缴社保公积金：&lt;/label&gt;
									&lt;label class=&quot;control-label&quot;&gt;22222&lt;/label&gt;
								&lt;/div&gt;
								&lt;div class=&quot;form-group&quot;&gt;
									&lt;label class=&quot;col-sm-6 control-label&quot;&gt;扣税费：&lt;/label&gt;
									&lt;label class=&quot;control-label&quot;&gt;22222&lt;/label&gt;
								&lt;/div&gt;
								&lt;div class=&quot;form-group&quot;&gt;
									&lt;label class=&quot;col-sm-6 control-label&quot;&gt;月收入总额：&lt;/label&gt;
									&lt;label class=&quot;control-label&quot;&gt;22222&lt;/label&gt;
								&lt;/div&gt;
							&lt;/form&gt;
						&lt;/div&gt;
							
						&lt;!-- 年终奖金 --&gt;
						&lt;div class=&quot;tab-pane fade &quot; id=&quot;yearTab&quot;&gt;
							&lt;form class=&quot;form-horizontal&quot; role=&quot;form&quot;&gt;
								&lt;div class=&quot;form-group&quot;&gt;
									&lt;label class=&quot;col-sm-6 control-label&quot;&gt;选择发放日期：&lt;/label&gt;
									&lt;div class=&quot;col-sm-6&quot;&gt;
										&lt;select class=&#039;selectpicker show-tick&#039; id=&quot;salary_year&quot; data-width=&quot;60%&quot; &gt;
											&lt;option value=&quot;1&quot;&gt;2018-04-01&lt;/option&gt;
											&lt;option value=&quot;2&quot;&gt;2017-04-01&lt;/option&gt;
											&lt;option value=&quot;3&quot;&gt;2016-04-01&lt;/option&gt;
										&lt;/select&gt;
									&lt;/div&gt;
								&lt;/div&gt;
								&lt;div class=&quot;form-group&quot;&gt;
									&lt;label class=&quot;col-sm-6 control-label&quot;&gt;发放日期：&lt;/label&gt;
									&lt;label class=&quot;control-label&quot;&gt;2018-01-01&lt;/label&gt;
								&lt;/div&gt;
								&lt;div class=&quot;form-group&quot;&gt;
									&lt;label class=&quot;col-sm-6 control-label&quot;&gt;奖金年份：&lt;/label&gt;
									&lt;label class=&quot;control-label&quot;&gt;22222&lt;/label&gt;
								&lt;/div&gt;
								&lt;div class=&quot;form-group&quot;&gt;
									&lt;label class=&quot;col-sm-6 control-label&quot;&gt;应发奖金：&lt;/label&gt;
									&lt;label class=&quot;control-label&quot;&gt;22222&lt;/label&gt;
								&lt;/div&gt;
								&lt;div class=&quot;form-group&quot;&gt;
									&lt;label class=&quot;col-sm-6 control-label&quot;&gt;已发奖金：&lt;/label&gt;
									&lt;label class=&quot;control-label&quot;&gt;22222&lt;/label&gt;
								&lt;/div&gt;
								&lt;div class=&quot;form-group&quot;&gt;
									&lt;label class=&quot;col-sm-6 control-label&quot;&gt;通讯补贴：&lt;/label&gt;
									&lt;label class=&quot;control-label&quot;&gt;22222&lt;/label&gt;
								&lt;/div&gt;
								&lt;div class=&quot;form-group&quot;&gt;
									&lt;label class=&quot;col-sm-6 control-label&quot;&gt;税率：&lt;/label&gt;
									&lt;label class=&quot;control-label&quot;&gt;22222&lt;/label&gt;
								&lt;/div&gt;
								&lt;div class=&quot;form-group&quot;&gt;
									&lt;label class=&quot;col-sm-6 control-label&quot;&gt;个人所得税：&lt;/label&gt;
									&lt;label class=&quot;control-label&quot;&gt;22222&lt;/label&gt;
								&lt;/div&gt;
								&lt;div class=&quot;form-group&quot;&gt;
									&lt;label class=&quot;col-sm-6 control-label&quot;&gt;实发奖金：&lt;/label&gt;
									&lt;label class=&quot;control-label&quot;&gt;22222&lt;/label&gt;
								&lt;/div&gt;
							&lt;/form&gt;
						&lt;/div&gt;
					&lt;/div&gt;
				&lt;/div&gt;
			&lt;/div&gt;
		&lt;/div&gt;
	&lt;/div&gt;
	
	&lt;!--=== JavaScript ===--&gt;
	&lt;script type=&quot;text/javascript&quot; src=&quot;plugins/jquery/jquery-2.1.1.min.js&quot;&gt;&lt;/script&gt;
	&lt;script type=&quot;text/javascript&quot; src=&quot;plugins/bootstrap/js/bootstrap.min.js&quot;&gt;&lt;/script&gt;
	&lt;script type=&quot;text/javascript&quot; src=&quot;plugins/bootstrap-select/bootstrap-select.min.js&quot;&gt;&lt;/script&gt;
	&lt;script type=&quot;text/javascript&quot; src=&quot;plugins/bootstrap-datetimepicker/bootstrap-datetimepicker.min.js&quot;&gt;&lt;/script&gt;
	&lt;script type=&quot;text/javascript&quot; src=&quot;plugins/bootstrap-datetimepicker/locales/bootstrap-datetimepicker.zh-CN.js&quot;&gt;&lt;/script&gt;
	&lt;!--主题 --&gt;
	&lt;script type=&quot;text/javascript&quot; src=&quot;plugins/theme/js/custom.js&quot;&gt;&lt;/script&gt;
	&lt;script type=&quot;text/javascript&quot; src=&quot;plugins/theme/js/map.js&quot;&gt;&lt;/script&gt;
	&lt;script type=&quot;text/javascript&quot; src=&quot;plugins/theme/js/scrollbot.js&quot;&gt;&lt;/script&gt;
	&lt;script type=&quot;text/javascript&quot; src=&quot;plugins/flavr/flavr.min.js&quot;&gt;&lt;/script&gt;
	&lt;script type=&quot;text/javascript&quot; src=&quot;index.js&quot;&gt;&lt;/script&gt;
&lt;/body&gt;
&lt;/html&gt;">
      <![CDATA[com.alibaba.fastjson.JSONException: syntax error, pos 1, json : <!DOCTYPE>
<html lang="en">
<head>
<meta http-equiv="content-type" content="text/html; charset=UTF-8">
<meta name="viewport" content="width=device-width, initial-scale=1.0">
    <title>Corswork | 信息管理平台</title>
    <meta name="keywords" content="corswork" />
    <meta name="description" content="corswork info"/>
    <meta name="author" content="corswork"/>
    <meta name="viewport" content="width=device-width, initial-scale=1, maximum-scale=1, user-scalable=no"/>
    <!--=== CSS ===-->
    <link rel="shortcut icon" type="image/x-icon" href="img/logo.png" />
    <!-- Bootstrap -->
<link href="plugins/bootstrap/css/bootstrap.min.css" rel="stylesheet"/>
<link href="plugins/bootstrap/css/bootstrap-theme.min.css" rel="stylesheet"/>
<link href="plugins/bootstrap-select/bootstrap-select.min.css" rel="stylesheet"/>
<link href="plugins/bootstrap-datetimepicker/bootstrap-datetimepicker.min.css" rel="StyleSheet" type="text/css" />
    <!--主题-->
<link rel='stylesheet' href='plugins/font-awesome/css/font-awesome.min.css'/>
    <link rel="stylesheet" href="plugins/theme/css/custom.css"/>
<link rel="stylesheet" href="plugins/theme/css/navigation.css"/>
<link rel="stylesheet" href="plugins/flavr/flavr.css"/>
</head>
<body>
<div id="content">
 <div class="left_col">
 <!-- 首页 -->
    <div class="left_top">
        <a href="#" class="site_title openView" url_id="-1"><i class="fa fa-home"></i></a>
        </div>
    <!-- 导航 -->
<div class="left_bottom">
<nav>
<ul class="mcd-menu">
</ul>
</nav>
</div>
 </div>
 <div class="right_col">
    <div class="right_top">
        <!-- 内容页面提示  -->
            <div class="left_info">
<a  href="#" id="pageTheme" class="openView refresh"></a>
</div>
<!-- logo -->
                <div class="center_logo">
                    <img src="img/logo.png" alt="logo" /><span>信息管理平台</span>
                </div>
                <!-- 顶部功能  -->
                <div class="right_fun">
                <!-- 功能点 -->
                <ul class="fun_print">
                    <!--   打开页面的历史纪录 -->
                    <li>
                    <div class="history_records">
                        <i class="fa fa-history" aria-hidden="true"></i>
                        <div class="his_records dropdown_box">
                        <ul>
                </ul>
            </div>
            </div>
                </li>
                <!-- 人员 -->
                    <li>
                    <div class="user_profile">
            <img src="img/av1.png" alt="user" id="user_photo_like"/>
            <span id="user_profile_name">登录名</span>
            <i class="fa fa-angle-down"></i>
            <div class="user-info dropdown_box">
                <ul>
                    <li id="mail_list"><a href="#">通讯录</a></li>
                    <li id="salary_query"><a href="#">薪资查询</a></li>
                    <li id="update_pwd"><a href="#">修改密码</a></li>
                    <li id="toggle_role"><a href="#">切换角色</a></li>
                </ul>
            </div>
            </div>
                    </li>
                    <!-- 退出  -->
                    <li>
                    <div id="logout">
                        <i class="fa fa-power-off"></i>
            </div>
                </li>
             </ul>
                </div>
    </div>
    <div class="right_bottom">
    <!-- iframe界面 -->
    </div>
    </div>
  </div>

<!-- 切换角色  -->
<div class="modal fade" id="toggleRoleModal" data-close-after-confirm="true">
<div class="modal-dialog">
<div class="modal-content" >
    <div class="modal-header">
                <button type="button" class="modal_close" data-dismiss="modal" aria-hidden="true">×</button>
            </div>
            <div class="modal-footer">
            </div>
</div>
</div>
</div>


<!-- 通讯录  -->
<div class="modal fade" id="maillistModal" data-close-after-confirm="true">
<div class="modal-dialog">
<div class="modal-content" style="width:600px;">
    <div class="modal-header">
                <button type="button" class="modal_close" data-dismiss="modal" aria-hidden="true">×</button>
                <h4 class="modal-title">通讯录</h4>
            </div>
            <div class="modal-body">
        <div class="row">
        <div class="col-sm-5 col-sm-offset-1">
<select class="selectpicker show-tick" data-width="100%" id="mailDept" data-live-search="true">
</select>
</div>
<div class="col-sm-5">
<div class="mail_username_search" id="ll">
<i class="fa fa-search" aria-hidden="true"></i>
</div>
<div class="input-group mailSearch_group" >
  <input type="text" class="form-control" placeholder="请输入用户名字" >
  <span class="input-group-addon" ><i class="fa fa-search" aria-hidden="true"></i></span>
</div>
</div>
        </div>
        <div class="mail_con" style="">
<div class ="mail_records" style="">

</div>
<div class="mail_scollerCN"  style="">
<div class="mail_s" style=""></div>
</div>
</div>
            </div>
</div>
</div>
</div>

<!-- 修改密码  -->
<div class="modal fade" id="updatePWDModal" data-close-after-confirm="true">
<div class="modal-dialog">
<div class="modal-content" >
    <div class="modal-header">
                <button type="button" class="modal_close" data-dismiss="modal" aria-hidden="true">×</button>
                <h4 class="modal-title">修改密码</h4>
            </div>
            <div class="modal-body">
                <form class="form-horizontal" role="form">
                    <div class="form-group">
                        <label class="col-sm-4 control-label">登录名</label>
                        <div class="col-sm-5">
                            <input type="text" id="UP_user_name" required="required"  readonly="readonly"/>
                        </div>
                    </div>
                    <div class="form-group">
                        <label class="col-sm-4 control-label">旧密码</label>
                        <div class="col-sm-5">
                            <input type="password" id="UP_old_pwd" required="required"/>
                        </div>
                    </div>
                    <div class="form-group">
                        <label class="col-sm-4 control-label">新密码</label>
                        <div class="col-sm-5">
                            <input type="password" id="UP_new_pwd" required="required"/>
                        </div>
                    </div>
                    <div class="form-group">
                        <label class="col-sm-4 control-label">再次输入新密码</label>
                        <div class="col-sm-5">
                            <input type="password" id="UP_again_pwd" required="required"/>
                        </div>
                    </div>
                    <div class="form-group">
                        <label class="col-sm-4 control-label">安全度</label>
                        <div class="col-sm-5">
<div class="progress">
<div class="progress-bar" role="progressbar" aria-valuenow="60" aria-valuemin="0" aria-valuemax="100" style="width: 90%;">
</div>
</div>
                        </div>
                    </div>
                </form>
            </div>
            <div class="modal-footer">
                <button type="button" class="btn btn_cancel" data-dismiss="modal">取消</button>
                <button type="button" class="btn btn_submit" data-form="submit" id="updatePWDBtn">保存</button>
            </div>
</div>
</div>
</div>

<!-- 薪资查询  -->
<div class="modal fade" id="salaryModal" data-close-after-confirm="true">
<div class="modal-dialog">
<div class="modal-content" >
<div class="modal-body mar-all">
                <button type="button" class="modal_close" data-dismiss="modal" aria-hidden="true">&times;</button>
<ul id="myTab" class="nav nav-pills nav-justified">
<li class="active">
<a href="#monthTab" data-toggle="tab">月度工资</a>
</li>
<li>
<a href="#yearTab" data-toggle="tab">年终奖金</a>
</li>
</ul> 
<div class="tab-content">
<!-- 月度工资 -->
<div class="tab-pane fade in active" id="monthTab">
<form class="form-horizontal" role="form">
<div class="form-group">
<div class="col-sm-6 col-sm-offset-3">
<div class="input-group date form_date " data-date-format="yyyy-mm" >
<input class="form-control input-sm" size="13" id="salary_month"  type="text" placeholder="选择日期" value="" readonly="readonly"> 
 <span class="input-group-addon">
 <span class="fa  fa-calendar"></span>
</span>
</div>
</div>
</div>
<div class="form-group">
<label class="col-sm-6 control-label">部门：</label>
<label class="control-label">综合管理部门</label>
</div>
<div class="form-group">
<label class="col-sm-6 control-label">月基本收入：</label>
<label class="control-label">22222</label>
</div>
<div class="form-group">
<label class="col-sm-6 control-label">工作餐补贴：</label>
<label class="control-label">22222</label>
</div>
<div class="form-group">
<label class="col-sm-6 control-label">电脑补贴：</label>
<label class="control-label">22222</label>
</div>
<div class="form-group">
<label class="col-sm-6 control-label">通讯补贴：</label>
<label class="control-label">22222</label>
</div>
<div class="form-group">
<label class="col-sm-6 control-label">奖金：</label>
<label class="control-label">22222</label>
</div>
<div class="form-group">
<label class="col-sm-6 control-label">补发：</label>
<label class="control-label">22222</label>
</div>
<div class="form-group">
<label class="col-sm-6 control-label">补扣：</label>
<label class="control-label">22222</label>
</div>
<div class="form-group">
<label class="col-sm-6 control-label">缺勤扣款：</label>
<label class="control-label">22222</label>
</div>
<div class="form-group">
<label class="col-sm-6 control-label">个人缴纳社保公积金：</label>
<label class="control-label">22222</label>
</div>
<div class="form-group">
<label class="col-sm-6 control-label">个人补缴社保公积金：</label>
<label class="control-label">22222</label>
</div>
<div class="form-group">
<label class="col-sm-6 control-label">扣税费：</label>
<label class="control-label">22222</label>
</div>
<div class="form-group">
<label class="col-sm-6 control-label">月收入总额：</label>
<label class="control-label">22222</label>
</div>
</form>
</div>

<!-- 年终奖金 -->
<div class="tab-pane fade " id="yearTab">
<form class="form-horizontal" role="form">
<div class="form-group">
<label class="col-sm-6 control-label">选择发放日期：</label>
<div class="col-sm-6">
<select class='selectpicker show-tick' id="salary_year" data-width="60%" >
<option value="1">2018-04-01</option>
<option value="2">2017-04-01</option>
<option value="3">2016-04-01</option>
</select>
</div>
</div>
<div class="form-group">
<label class="col-sm-6 control-label">发放日期：</label>
<label class="control-label">2018-01-01</label>
</div>
<div class="form-group">
<label class="col-sm-6 control-label">奖金年份：</label>
<label class="control-label">22222</label>
</div>
<div class="form-group">
<label class="col-sm-6 control-label">应发奖金：</label>
<label class="control-label">22222</label>
</div>
<div class="form-group">
<label class="col-sm-6 control-label">已发奖金：</label>
<label class="control-label">22222</label>
</div>
<div class="form-group">
<label class="col-sm-6 control-label">通讯补贴：</label>
<label class="control-label">22222</label>
</div>
<div class="form-group">
<label class="col-sm-6 control-label">税率：</label>
<label class="control-label">22222</label>
</div>
<div class="form-group">
<label class="col-sm-6 control-label">个人所得税：</label>
<label class="control-label">22222</label>
</div>
<div class="form-group">
<label class="col-sm-6 control-label">实发奖金：</label>
<label class="control-label">22222</label>
</div>
</form>
</div>
</div>
</div>
</div>
</div>
</div>

<!--=== JavaScript ===-->
<script type="text/javascript" src="plugins/jquery/jquery-2.1.1.min.js"></script>
<script type="text/javascript" src="plugins/bootstrap/js/bootstrap.min.js"></script>
<script type="text/javascript" src="plugins/bootstrap-select/bootstrap-select.min.js"></script>
<script type="text/javascript" src="plugins/bootstrap-datetimepicker/bootstrap-datetimepicker.min.js"></script>
<script type="text/javascript" src="plugins/bootstrap-datetimepicker/locales/bootstrap-datetimepicker.zh-CN.js"></script>
<!--主题 -->
<script type="text/javascript" src="plugins/theme/js/custom.js"></script>
<script type="text/javascript" src="plugins/theme/js/map.js"></script>
<script type="text/javascript" src="plugins/theme/js/scrollbot.js"></script>
<script type="text/javascript" src="plugins/flavr/flavr.min.js"></script>
<script type="text/javascript" src="index.js"></script>
</body>
</html>
at com.alibaba.fastjson.parser.DefaultJSONParser.parse(DefaultJSONParser.java:1394)
at com.alibaba.fastjson.parser.DefaultJSONParser.parse(DefaultJSONParser.java:1301)
at com.alibaba.fastjson.JSON.parse(JSON.java:148)
at com.alibaba.fastjson.JSON.parse(JSON.java:139)
at com.alibaba.fastjson.JSON.parseObject(JSON.java:212)
at RestClient.RestClient.getResponseJson(RestClient.java:162)
at com.qa.tests.LoginApi.postLogin(LoginApi.java:46)
at sun.reflect.NativeMethodAccessorImpl.invoke0(Native Method)
at sun.reflect.NativeMethodAccessorImpl.invoke(Unknown Source)
at sun.reflect.DelegatingMethodAccessorImpl.invoke(Unknown Source)
at java.lang.reflect.Method.invoke(Unknown Source)
at org.testng.internal.MethodInvocationHelper.invokeMethod(MethodInvocationHelper.java:124)
at org.testng.internal.Invoker.invokeMethod(Invoker.java:583)
at org.testng.internal.Invoker.invokeTestMethod(Invoker.java:719)
at org.testng.internal.Invoker.invokeTestMethods(Invoker.java:989)
at org.testng.internal.TestMethodWorker.invokeTestMethods(TestMethodWorker.java:125)
at org.testng.internal.TestMethodWorker.run(TestMethodWorker.java:109)
at org.testng.TestRunner.privateRun(TestRunner.java:648)
at org.testng.TestRunner.run(TestRunner.java:505)
at org.testng.SuiteRunner.runTest(SuiteRunner.java:455)
at org.testng.SuiteRunner.runSequentially(SuiteRunner.java:450)
at org.testng.SuiteRunner.privateRun(SuiteRunner.java:415)
at org.testng.SuiteRunner.run(SuiteRunner.java:364)
at org.testng.SuiteRunnerWorker.runSuite(SuiteRunnerWorker.java:52)
at org.testng.SuiteRunnerWorker.run(SuiteRunnerWorker.java:84)
at org.testng.TestNG.runSuitesSequentially(TestNG.java:1208)
at org.testng.TestNG.runSuitesLocally(TestNG.java:1137)
at org.testng.TestNG.runSuites(TestNG.java:1049)
at org.testng.TestNG.run(TestNG.java:1017)
at org.testng.remote.AbstractRemoteTestNG.run(AbstractRemoteTestNG.java:114)
at org.testng.remote.RemoteTestNG.initAndRun(RemoteTestNG.java:251)
at org.testng.remote.RemoteTestNG.main(RemoteTestNG.java:77)
]]>
    </error>
  </testcase> <!-- postLogin -->
</testsuite> <!-- com.qa.tests.LoginApi -->
