<?xml version="1.0" encoding="UTF-8"?>
<!-- Generated by org.testng.reporters.JUnitReportReporter -->
<testsuite skipped="0" hostname="PC-20170314MKUE" name="com.qa.tests.DemoTest2" tests="1" failures="0" timestamp="19 十二月 2018 08:56:33 GMT" time="23.698" errors="0">
  <testcase name="testA" time="23.698" classname="com.qa.tests.DemoTest2"/>
</testsuite> <!-- com.qa.tests.DemoTest2 -->
